2025-02-21 01:41:52 [main] INFO  LogUtil - Test started : createUser
2025-02-21 01:41:53 [main] INFO  LogUtil - Test passed: createUser
2025-02-21 01:41:53 [main] INFO  LogUtil - Test started : readUser
2025-02-21 01:41:54 [main] INFO  LogUtil - Test passed: readUser
2025-02-21 01:41:54 [main] INFO  LogUtil - Test started : updateUser
2025-02-21 01:41:54 [main] INFO  LogUtil - Test passed: updateUser
2025-02-21 01:41:54 [main] INFO  LogUtil - Test started : deleteUser
2025-02-21 01:41:54 [main] INFO  LogUtil - Test passed: deleteUser
2025-02-21 01:41:55 [main] INFO  LogUtil - Test started : ddt
2025-02-21 01:41:55 [main] INFO  LogUtil - Test passed: ddt
2025-02-21 01:41:55 [main] INFO  LogUtil - Test started : ddt
2025-02-21 01:41:56 [main] INFO  LogUtil - Test passed: ddt
2025-02-21 01:41:56 [main] INFO  LogUtil - Test started : ddt
2025-02-21 01:41:56 [main] INFO  LogUtil - Test passed: ddt
2025-02-21 01:41:56 [main] INFO  LogUtil - Test started : ddt
2025-02-21 01:41:57 [main] INFO  LogUtil - Test passed: ddt
2025-02-21 01:41:57 [main] INFO  LogUtil - Test started : ddt
2025-02-21 01:41:57 [main] INFO  LogUtil - Test passed: ddt
2025-02-21 01:41:57 [main] INFO  LogUtil - Test started : ddt
2025-02-21 01:41:58 [main] INFO  LogUtil - Test passed: ddt
2025-02-21 01:41:58 [main] INFO  LogUtil - Test started : ddt
2025-02-21 01:41:58 [main] INFO  LogUtil - Test passed: ddt
2025-02-21 01:41:58 [main] INFO  LogUtil - Test started : ddt
2025-02-21 01:41:58 [main] INFO  LogUtil - Test passed: ddt
2025-02-21 01:41:58 [main] INFO  LogUtil - Test started : ddt
2025-02-21 01:41:59 [main] INFO  LogUtil - Test passed: ddt
2025-02-21 01:41:59 [main] INFO  LogUtil - Test started : ddt
2025-02-21 01:41:59 [main] INFO  LogUtil - Test passed: ddt
2025-02-21 01:41:59 [main] INFO  LogUtil - Test started : ddt
2025-02-21 01:41:59 [main] INFO  LogUtil - Test passed: ddt
2025-02-21 01:41:59 [main] INFO  LogUtil - Test started : ddt
2025-02-21 01:41:59 [main] INFO  LogUtil - Test passed: ddt
2025-02-21 01:41:59 [main] INFO  LogUtil - Test started : ddt
2025-02-21 01:42:00 [main] INFO  LogUtil - Test passed: ddt
2025-02-21 01:42:00 [main] INFO  LogUtil - Test started : ddt
2025-02-21 01:42:00 [main] INFO  LogUtil - Test passed: ddt
2025-02-21 01:42:00 [main] INFO  LogUtil - Test started : ddt
2025-02-21 01:42:01 [main] INFO  LogUtil - Test passed: ddt
2025-02-21 01:42:01 [main] INFO  LogUtil - Test started : ddt
2025-02-21 01:42:01 [main] INFO  LogUtil - Test passed: ddt
2025-02-21 01:42:01 [main] INFO  LogUtil - Test started : ddt
2025-02-21 01:42:01 [main] INFO  LogUtil - Test passed: ddt
2025-02-21 01:42:01 [main] INFO  LogUtil - Test started : ddt
2025-02-21 01:42:02 [main] INFO  LogUtil - Test passed: ddt
2025-02-21 01:42:02 [main] INFO  LogUtil - Test started : ddt
2025-02-21 01:42:02 [main] INFO  LogUtil - Test passed: ddt
2025-02-21 01:42:02 [main] INFO  LogUtil - Test started : ddt
2025-02-21 01:42:02 [main] INFO  LogUtil - Test passed: ddt
2025-02-21 01:42:02 [main] INFO  LogUtil - Test started : ddt
2025-02-21 01:42:03 [main] INFO  LogUtil - Test passed: ddt
2025-02-21 01:42:03 [main] INFO  LogUtil - Test started : ddt
2025-02-21 01:42:03 [main] INFO  LogUtil - Test passed: ddt
2025-02-21 01:42:03 [main] INFO  LogUtil - Test started : ddt
2025-02-21 01:42:04 [main] INFO  LogUtil - Test passed: ddt
2025-02-21 01:42:04 [main] INFO  LogUtil - Test started : ddt
2025-02-21 01:42:04 [main] INFO  LogUtil - Test passed: ddt
2025-02-21 01:42:04 [main] INFO  LogUtil - Test started : ddt
2025-02-21 01:42:05 [main] INFO  LogUtil - Test passed: ddt
2025-02-21 01:42:05 [main] INFO  LogUtil - Test started : ddt
2025-02-21 01:42:05 [main] INFO  LogUtil - Test passed: ddt
2025-02-21 01:42:05 [main] INFO  LogUtil - Test started : ddt
2025-02-21 01:42:05 [main] INFO  LogUtil - Test passed: ddt
2025-02-21 01:42:05 [main] INFO  LogUtil - Test started : ddt
2025-02-21 01:42:06 [main] INFO  LogUtil - Test passed: ddt
2025-02-21 01:42:06 [main] INFO  LogUtil - Test started : ddt
2025-02-21 01:42:06 [main] INFO  LogUtil - Test passed: ddt
2025-02-21 01:42:06 [main] INFO  LogUtil - Test started : ddt
2025-02-21 01:42:06 [main] INFO  LogUtil - Test passed: ddt
2025-02-21 01:42:06 [main] INFO  LogUtil - Test started : ddt
2025-02-21 01:42:06 [main] INFO  LogUtil - Test passed: ddt
2025-02-21 01:42:06 [main] INFO  LogUtil - Test started : ddt
2025-02-21 01:42:07 [main] INFO  LogUtil - Test passed: ddt
2025-02-21 01:42:07 [main] INFO  LogUtil - Test started : ddt
2025-02-21 01:42:07 [main] INFO  LogUtil - Test passed: ddt
2025-02-21 01:42:07 [main] INFO  LogUtil - Test started : ddt
2025-02-21 01:42:07 [main] INFO  LogUtil - Test passed: ddt
2025-02-21 01:42:07 [main] INFO  LogUtil - Test started : ddt
2025-02-21 01:42:07 [main] INFO  LogUtil - Test passed: ddt
2025-02-21 01:42:07 [main] INFO  LogUtil - Test started : ddt
2025-02-21 01:42:08 [main] INFO  LogUtil - Test passed: ddt
2025-02-21 01:42:08 [main] INFO  LogUtil - Test started : ddt
2025-02-21 01:42:08 [main] INFO  LogUtil - Test passed: ddt
2025-02-21 01:42:08 [main] INFO  LogUtil - Test started : ddt
2025-02-21 01:42:08 [main] INFO  LogUtil - Test passed: ddt
2025-02-21 01:42:08 [main] INFO  LogUtil - Test started : ddt
2025-02-21 01:42:09 [main] INFO  LogUtil - Test passed: ddt
2025-02-21 01:42:09 [main] INFO  LogUtil - Test started : ddt
2025-02-21 01:42:09 [main] INFO  LogUtil - Test passed: ddt
2025-02-21 01:42:09 [main] INFO  LogUtil - Test started : ddt
2025-02-21 01:42:09 [main] INFO  LogUtil - Test passed: ddt
2025-02-21 01:42:09 [main] INFO  LogUtil - Test started : ddt
2025-02-21 01:42:09 [main] INFO  LogUtil - Test passed: ddt
2025-02-21 01:42:09 [main] INFO  LogUtil - Test started : ddt
2025-02-21 01:42:10 [main] INFO  LogUtil - Test passed: ddt
2025-02-21 01:42:10 [main] INFO  LogUtil - Test started : ddt
2025-02-21 01:42:10 [main] INFO  LogUtil - Test passed: ddt
2025-02-21 01:42:10 [main] INFO  LogUtil - Test started : ddt
2025-02-21 01:42:10 [main] INFO  LogUtil - Test passed: ddt
2025-02-21 01:42:10 [main] INFO  LogUtil - Test started : ddt
2025-02-21 01:42:11 [main] INFO  LogUtil - Test passed: ddt
2025-02-21 01:42:11 [main] INFO  LogUtil - Test started : ddt
2025-02-21 01:42:12 [main] INFO  LogUtil - Test passed: ddt
2025-02-21 01:42:12 [main] INFO  LogUtil - Test started : ddt
2025-02-21 01:42:12 [main] INFO  LogUtil - Test passed: ddt
2025-02-21 01:42:12 [main] INFO  LogUtil - Test started : ddt
2025-02-21 01:42:13 [main] INFO  LogUtil - Test passed: ddt
2025-02-21 01:42:13 [main] INFO  LogUtil - Test started : ddt
2025-02-21 01:42:13 [main] INFO  LogUtil - Test passed: ddt
2025-02-21 01:42:13 [main] INFO  LogUtil - Test started : ddt
2025-02-21 01:42:13 [main] INFO  LogUtil - Test passed: ddt
2025-02-21 01:42:13 [main] INFO  LogUtil - Test started : ddt
2025-02-21 01:42:13 [main] INFO  LogUtil - Test passed: ddt
2025-02-21 01:42:13 [main] INFO  LogUtil - Test started : ddt
2025-02-21 01:42:14 [main] INFO  LogUtil - Test passed: ddt
2025-02-21 01:42:14 [main] INFO  LogUtil - Test started : ddt
2025-02-21 01:42:14 [main] INFO  LogUtil - Test passed: ddt
2025-02-21 01:42:14 [main] INFO  LogUtil - Test started : ddt
2025-02-21 01:42:14 [main] INFO  LogUtil - Test passed: ddt
2025-02-21 01:42:14 [main] INFO  LogUtil - Test started : ddt
2025-02-21 01:42:15 [main] INFO  LogUtil - Test passed: ddt
2025-02-21 01:42:15 [main] INFO  LogUtil - Test started : ddt
2025-02-21 01:42:15 [main] INFO  LogUtil - Test passed: ddt
2025-02-21 01:42:15 [main] INFO  LogUtil - Test started : ddt
2025-02-21 01:42:15 [main] INFO  LogUtil - Test passed: ddt
2025-02-21 01:42:15 [main] INFO  LogUtil - Test started : ddt
2025-02-21 01:42:15 [main] INFO  LogUtil - Test passed: ddt
2025-02-21 01:42:15 [main] INFO  LogUtil - Test started : ddt
2025-02-21 01:42:16 [main] INFO  LogUtil - Test passed: ddt
2025-02-21 01:42:16 [main] INFO  LogUtil - Test started : ddt
2025-02-21 01:42:16 [main] INFO  LogUtil - Test passed: ddt
2025-02-21 01:42:16 [main] INFO  LogUtil - Test started : ddt
2025-02-21 01:42:16 [main] INFO  LogUtil - Test passed: ddt
2025-02-21 01:42:16 [main] INFO  LogUtil - Test started : ddt
2025-02-21 01:42:17 [main] INFO  LogUtil - Test passed: ddt
2025-02-21 01:42:17 [main] INFO  LogUtil - Test started : ddt
2025-02-21 01:42:17 [main] INFO  LogUtil - Test passed: ddt
2025-02-21 01:42:17 [main] INFO  LogUtil - Test started : ddt
2025-02-21 01:42:17 [main] INFO  LogUtil - Test passed: ddt
2025-02-21 01:42:17 [main] INFO  LogUtil - Test started : ddt
2025-02-21 01:42:18 [main] INFO  LogUtil - Test passed: ddt
2025-02-21 01:42:18 [main] INFO  LogUtil - Test started : ddt
2025-02-21 01:42:18 [main] INFO  LogUtil - Test passed: ddt
2025-02-21 01:42:18 [main] INFO  LogUtil - Test started : ddt
2025-02-21 01:42:19 [main] INFO  LogUtil - Test passed: ddt
2025-02-21 01:42:19 [main] INFO  LogUtil - Test started : ddt
2025-02-21 01:42:19 [main] INFO  LogUtil - Test passed: ddt
2025-02-21 01:42:19 [main] INFO  LogUtil - Test started : ddt
2025-02-21 01:42:20 [main] INFO  LogUtil - Test passed: ddt
2025-02-21 01:42:20 [main] INFO  LogUtil - Test started : ddt
2025-02-21 01:42:20 [main] INFO  LogUtil - Test passed: ddt
2025-02-21 01:42:20 [main] INFO  LogUtil - Test started : ddt
2025-02-21 01:42:20 [main] INFO  LogUtil - Test passed: ddt
2025-02-21 01:42:20 [main] INFO  LogUtil - Test started : ddt
2025-02-21 01:42:21 [main] INFO  LogUtil - Test passed: ddt
2025-02-21 01:42:21 [main] INFO  LogUtil - Test started : ddt
2025-02-21 01:42:21 [main] INFO  LogUtil - Test passed: ddt
2025-02-21 01:42:21 [main] INFO  LogUtil - Test started : ddt
2025-02-21 01:42:21 [main] INFO  LogUtil - Test passed: ddt
2025-02-21 01:42:21 [main] INFO  LogUtil - Test started : ddt
2025-02-21 01:42:22 [main] INFO  LogUtil - Test passed: ddt
2025-02-21 01:42:22 [main] INFO  LogUtil - Test started : ddt
2025-02-21 01:42:22 [main] INFO  LogUtil - Test passed: ddt
2025-02-21 01:42:22 [main] INFO  LogUtil - Test started : ddt
2025-02-21 01:42:23 [main] INFO  LogUtil - Test passed: ddt
2025-02-21 01:42:23 [main] INFO  LogUtil - Test started : ddt
2025-02-21 01:42:24 [main] INFO  LogUtil - Test passed: ddt
2025-02-21 01:42:24 [main] INFO  LogUtil - Test started : ddt
2025-02-21 01:42:24 [main] INFO  LogUtil - Test passed: ddt
2025-02-21 01:42:24 [main] INFO  LogUtil - Test started : ddt
2025-02-21 01:42:24 [main] INFO  LogUtil - Test passed: ddt
2025-02-21 01:42:24 [main] INFO  LogUtil - Test started : ddt
2025-02-21 01:42:25 [main] INFO  LogUtil - Test passed: ddt
2025-02-21 01:42:25 [main] INFO  LogUtil - Test started : ddt
2025-02-21 01:42:25 [main] INFO  LogUtil - Test passed: ddt
2025-02-21 01:42:25 [main] INFO  LogUtil - Test started : ddt
2025-02-21 01:42:25 [main] INFO  LogUtil - Test passed: ddt
2025-02-21 01:42:25 [main] INFO  LogUtil - Test started : ddt
2025-02-21 01:42:26 [main] INFO  LogUtil - Test passed: ddt
2025-02-21 01:42:26 [main] INFO  LogUtil - Test started : ddt
2025-02-21 01:42:26 [main] INFO  LogUtil - Test passed: ddt
2025-02-21 01:42:26 [main] INFO  LogUtil - Test started : ddt
2025-02-21 01:42:27 [main] INFO  LogUtil - Test passed: ddt
2025-02-21 01:42:27 [main] INFO  LogUtil - Test started : ddt
2025-02-21 01:42:27 [main] INFO  LogUtil - Test passed: ddt
2025-02-21 01:42:27 [main] INFO  LogUtil - Test started : ddt
2025-02-21 01:42:27 [main] INFO  LogUtil - Test passed: ddt
2025-02-21 01:42:27 [main] INFO  LogUtil - Test started : ddt
2025-02-21 01:42:28 [main] INFO  LogUtil - Test passed: ddt
2025-02-21 01:42:28 [main] INFO  LogUtil - Test started : ddt
2025-02-21 01:42:28 [main] INFO  LogUtil - Test passed: ddt
2025-02-21 01:42:28 [main] INFO  LogUtil - Test started : ddt
2025-02-21 01:42:28 [main] INFO  LogUtil - Test passed: ddt
2025-02-21 01:42:28 [main] INFO  LogUtil - Test started : ddt
2025-02-21 01:42:29 [main] INFO  LogUtil - Test passed: ddt
2025-02-21 01:42:29 [main] INFO  LogUtil - Test started : ddt
2025-02-21 01:42:29 [main] INFO  LogUtil - Test passed: ddt
2025-02-21 01:42:29 [main] INFO  LogUtil - Test started : ddt
2025-02-21 01:42:29 [main] INFO  LogUtil - Test passed: ddt
2025-02-21 01:42:29 [main] INFO  LogUtil - Test started : ddt
2025-02-21 01:42:29 [main] INFO  LogUtil - Test passed: ddt
2025-02-21 01:42:29 [main] INFO  LogUtil - Test started : ddt
2025-02-21 01:42:30 [main] INFO  LogUtil - Test passed: ddt
2025-02-21 01:42:30 [main] INFO  LogUtil - Test started : ddt
2025-02-21 01:42:30 [main] INFO  LogUtil - Test passed: ddt
2025-02-21 01:42:30 [main] INFO  LogUtil - Test started : ddt
2025-02-21 01:42:30 [main] INFO  LogUtil - Test passed: ddt
2025-02-21 01:42:30 [main] INFO  LogUtil - Test started : ddt
2025-02-21 01:42:31 [main] INFO  LogUtil - Test passed: ddt
2025-02-21 01:42:31 [main] INFO  LogUtil - Test started : ddt2
2025-02-21 01:42:31 [main] INFO  LogUtil - Test passed: ddt2
2025-02-21 01:42:31 [main] INFO  LogUtil - Test started : ddt2
2025-02-21 01:42:31 [main] INFO  LogUtil - Test passed: ddt2
2025-02-21 01:42:31 [main] INFO  LogUtil - Test started : ddt2
2025-02-21 01:42:31 [main] INFO  LogUtil - Test passed: ddt2
2025-02-21 01:42:31 [main] INFO  LogUtil - Test started : ddt2
2025-02-21 01:42:32 [main] INFO  LogUtil - Test passed: ddt2
2025-02-21 01:42:32 [main] INFO  LogUtil - Test started : ddt2
2025-02-21 01:42:32 [main] INFO  LogUtil - Test passed: ddt2
2025-02-21 01:42:32 [main] INFO  LogUtil - Test started : ddt2
2025-02-21 01:42:32 [main] INFO  LogUtil - Test passed: ddt2
2025-02-21 01:42:32 [main] INFO  LogUtil - Test started : ddt2
2025-02-21 01:42:33 [main] INFO  LogUtil - Test passed: ddt2
2025-02-21 01:42:33 [main] INFO  LogUtil - Test started : ddt2
2025-02-21 01:42:33 [main] INFO  LogUtil - Test passed: ddt2
2025-02-21 01:42:33 [main] INFO  LogUtil - Test started : ddt2
2025-02-21 01:42:33 [main] INFO  LogUtil - Test passed: ddt2
2025-02-21 01:42:33 [main] INFO  LogUtil - Test started : ddt2
2025-02-21 01:42:34 [main] INFO  LogUtil - Test passed: ddt2
2025-02-21 01:42:34 [main] INFO  LogUtil - Test started : ddt2
2025-02-21 01:42:34 [main] INFO  LogUtil - Test passed: ddt2
2025-02-21 01:42:34 [main] INFO  LogUtil - Test started : ddt2
2025-02-21 01:42:35 [main] INFO  LogUtil - Test passed: ddt2
2025-02-21 01:42:35 [main] INFO  LogUtil - Test started : ddt2
2025-02-21 01:42:35 [main] INFO  LogUtil - Test passed: ddt2
2025-02-21 01:42:35 [main] INFO  LogUtil - Test started : ddt2
2025-02-21 01:42:35 [main] INFO  LogUtil - Test passed: ddt2
2025-02-21 01:42:35 [main] INFO  LogUtil - Test started : ddt2
2025-02-21 01:42:36 [main] INFO  LogUtil - Test passed: ddt2
2025-02-21 01:42:36 [main] INFO  LogUtil - Test started : ddt2
2025-02-21 01:42:36 [main] INFO  LogUtil - Test passed: ddt2
2025-02-21 01:42:36 [main] INFO  LogUtil - Test started : ddt2
2025-02-21 01:42:36 [main] INFO  LogUtil - Test passed: ddt2
2025-02-21 01:42:36 [main] INFO  LogUtil - Test started : ddt2
2025-02-21 01:42:36 [main] INFO  LogUtil - Test passed: ddt2
2025-02-21 01:42:36 [main] INFO  LogUtil - Test started : ddt2
2025-02-21 01:42:37 [main] INFO  LogUtil - Test passed: ddt2
2025-02-21 01:42:37 [main] INFO  LogUtil - Test started : ddt2
2025-02-21 01:42:37 [main] INFO  LogUtil - Test passed: ddt2
2025-02-21 01:42:37 [main] INFO  LogUtil - Test started : ddt2
2025-02-21 01:42:37 [main] INFO  LogUtil - Test passed: ddt2
2025-02-21 01:42:37 [main] INFO  LogUtil - Test started : ddt2
2025-02-21 01:42:38 [main] INFO  LogUtil - Test passed: ddt2
2025-02-21 01:42:38 [main] INFO  LogUtil - Test started : ddt2
2025-02-21 01:42:38 [main] INFO  LogUtil - Test passed: ddt2
2025-02-21 01:42:38 [main] INFO  LogUtil - Test started : ddt2
2025-02-21 01:42:38 [main] INFO  LogUtil - Test passed: ddt2
2025-02-21 01:42:38 [main] INFO  LogUtil - Test started : ddt2
2025-02-21 01:42:38 [main] INFO  LogUtil - Test passed: ddt2
2025-02-21 01:42:38 [main] INFO  LogUtil - Test started : ddt2
2025-02-21 01:42:39 [main] INFO  LogUtil - Test passed: ddt2
2025-02-21 01:42:39 [main] INFO  LogUtil - Test started : ddt2
2025-02-21 01:42:39 [main] INFO  LogUtil - Test passed: ddt2
2025-02-21 01:42:39 [main] INFO  LogUtil - Test started : ddt2
2025-02-21 01:42:39 [main] INFO  LogUtil - Test passed: ddt2
2025-02-21 01:42:39 [main] INFO  LogUtil - Test started : ddt2
2025-02-21 01:42:39 [main] INFO  LogUtil - Test passed: ddt2
2025-02-21 01:42:39 [main] INFO  LogUtil - Test started : ddt2
2025-02-21 01:42:40 [main] INFO  LogUtil - Test passed: ddt2
2025-02-21 01:42:40 [main] INFO  LogUtil - Test started : ddt2
2025-02-21 01:42:40 [main] INFO  LogUtil - Test passed: ddt2
2025-02-21 01:42:40 [main] INFO  LogUtil - Test started : ddt2
2025-02-21 01:42:40 [main] INFO  LogUtil - Test passed: ddt2
2025-02-21 01:42:40 [main] INFO  LogUtil - Test started : ddt2
2025-02-21 01:42:41 [main] INFO  LogUtil - Test passed: ddt2
2025-02-21 01:42:41 [main] INFO  LogUtil - Test started : ddt2
2025-02-21 01:42:41 [main] INFO  LogUtil - Test passed: ddt2
2025-02-21 01:42:41 [main] INFO  LogUtil - Test started : ddt2
2025-02-21 01:42:41 [main] INFO  LogUtil - Test passed: ddt2
2025-02-21 01:42:41 [main] INFO  LogUtil - Test started : ddt2
2025-02-21 01:42:41 [main] INFO  LogUtil - Test passed: ddt2
2025-02-21 01:42:41 [main] INFO  LogUtil - Test started : ddt2
2025-02-21 01:42:42 [main] INFO  LogUtil - Test passed: ddt2
2025-02-21 01:42:42 [main] INFO  LogUtil - Test started : ddt2
2025-02-21 01:42:42 [main] INFO  LogUtil - Test passed: ddt2
2025-02-21 01:42:42 [main] INFO  LogUtil - Test started : ddt2
2025-02-21 01:42:42 [main] INFO  LogUtil - Test passed: ddt2
2025-02-21 01:42:42 [main] INFO  LogUtil - Test started : ddt2
2025-02-21 01:42:42 [main] INFO  LogUtil - Test passed: ddt2
2025-02-21 01:42:42 [main] INFO  LogUtil - Test started : ddt2
2025-02-21 01:42:43 [main] INFO  LogUtil - Test passed: ddt2
2025-02-21 01:42:43 [main] INFO  LogUtil - Test started : ddt2
2025-02-21 01:42:43 [main] INFO  LogUtil - Test passed: ddt2
2025-02-21 01:42:43 [main] INFO  LogUtil - Test started : ddt2
2025-02-21 01:42:44 [main] INFO  LogUtil - Test passed: ddt2
2025-02-21 01:42:44 [main] INFO  LogUtil - Test started : ddt2
2025-02-21 01:42:44 [main] INFO  LogUtil - Test passed: ddt2
2025-02-21 01:42:44 [main] INFO  LogUtil - Test started : ddt2
2025-02-21 01:42:45 [main] INFO  LogUtil - Test passed: ddt2
2025-02-21 01:42:45 [main] INFO  LogUtil - Test started : ddt2
2025-02-21 01:42:45 [main] INFO  LogUtil - Test passed: ddt2
2025-02-21 01:42:45 [main] INFO  LogUtil - Test started : ddt2
2025-02-21 01:42:45 [main] INFO  LogUtil - Test passed: ddt2
2025-02-21 01:42:45 [main] INFO  LogUtil - Test started : ddt2
2025-02-21 01:42:46 [main] INFO  LogUtil - Test passed: ddt2
2025-02-21 01:42:46 [main] INFO  LogUtil - Test started : ddt2
2025-02-21 01:42:46 [main] INFO  LogUtil - Test passed: ddt2
2025-02-21 01:42:46 [main] INFO  LogUtil - Test started : ddt2
2025-02-21 01:42:46 [main] INFO  LogUtil - Test passed: ddt2
2025-02-21 01:42:46 [main] INFO  LogUtil - Test started : ddt2
2025-02-21 01:42:47 [main] INFO  LogUtil - Test passed: ddt2
2025-02-21 01:42:47 [main] INFO  LogUtil - Test started : ddt2
2025-02-21 01:42:47 [main] INFO  LogUtil - Test passed: ddt2
2025-02-21 01:42:47 [main] INFO  LogUtil - Test started : ddt2
2025-02-21 01:42:47 [main] INFO  LogUtil - Test passed: ddt2
2025-02-21 01:42:47 [main] INFO  LogUtil - Test started : ddt2
2025-02-21 01:42:47 [main] INFO  LogUtil - Test passed: ddt2
2025-02-21 01:42:47 [main] INFO  LogUtil - Test started : ddt2
2025-02-21 01:42:48 [main] INFO  LogUtil - Test passed: ddt2
2025-02-21 01:42:48 [main] INFO  LogUtil - Test started : ddt2
2025-02-21 01:42:48 [main] INFO  LogUtil - Test passed: ddt2
2025-02-21 01:42:48 [main] INFO  LogUtil - Test started : ddt2
2025-02-21 01:42:48 [main] INFO  LogUtil - Test passed: ddt2
2025-02-21 01:42:48 [main] INFO  LogUtil - Test started : ddt2
2025-02-21 01:42:49 [main] INFO  LogUtil - Test passed: ddt2
2025-02-21 01:42:49 [main] INFO  LogUtil - Test started : ddt2
2025-02-21 01:42:49 [main] INFO  LogUtil - Test passed: ddt2
2025-02-21 01:42:49 [main] INFO  LogUtil - Test started : ddt2
2025-02-21 01:42:49 [main] INFO  LogUtil - Test passed: ddt2
2025-02-21 01:42:49 [main] INFO  LogUtil - Test started : ddt2
2025-02-21 01:42:50 [main] INFO  LogUtil - Test passed: ddt2
2025-02-21 01:42:50 [main] INFO  LogUtil - Test started : ddt2
2025-02-21 01:42:51 [main] INFO  LogUtil - Test passed: ddt2
2025-02-21 01:42:51 [main] INFO  LogUtil - Test started : ddt2
2025-02-21 01:42:51 [main] INFO  LogUtil - Test passed: ddt2
2025-02-21 01:42:51 [main] INFO  LogUtil - Test started : ddt2
2025-02-21 01:42:51 [main] INFO  LogUtil - Test passed: ddt2
2025-02-21 01:42:51 [main] INFO  LogUtil - Test started : ddt2
2025-02-21 01:42:52 [main] INFO  LogUtil - Test passed: ddt2
2025-02-21 01:42:52 [main] INFO  LogUtil - Test started : ddt2
2025-02-21 01:42:52 [main] INFO  LogUtil - Test passed: ddt2
2025-02-21 01:42:52 [main] INFO  LogUtil - Test started : ddt2
2025-02-21 01:42:52 [main] INFO  LogUtil - Test passed: ddt2
2025-02-21 01:42:52 [main] INFO  LogUtil - Test started : ddt2
2025-02-21 01:42:53 [main] INFO  LogUtil - Test passed: ddt2
2025-02-21 01:42:53 [main] INFO  LogUtil - Test started : ddt2
2025-02-21 01:42:53 [main] INFO  LogUtil - Test passed: ddt2
2025-02-21 01:42:53 [main] INFO  LogUtil - Test started : ddt2
2025-02-21 01:42:53 [main] INFO  LogUtil - Test passed: ddt2
2025-02-21 01:42:53 [main] INFO  LogUtil - Test started : ddt2
2025-02-21 01:42:53 [main] INFO  LogUtil - Test passed: ddt2
2025-02-21 01:42:53 [main] INFO  LogUtil - Test started : ddt2
2025-02-21 01:42:54 [main] INFO  LogUtil - Test passed: ddt2
2025-02-21 01:42:54 [main] INFO  LogUtil - Test started : ddt2
2025-02-21 01:42:54 [main] INFO  LogUtil - Test passed: ddt2
2025-02-21 01:42:54 [main] INFO  LogUtil - Test started : ddt2
2025-02-21 01:42:55 [main] INFO  LogUtil - Test passed: ddt2
2025-02-21 01:42:55 [main] INFO  LogUtil - Test started : ddt2
2025-02-21 01:42:55 [main] INFO  LogUtil - Test passed: ddt2
2025-02-21 01:42:55 [main] INFO  LogUtil - Test started : ddt2
2025-02-21 01:42:55 [main] INFO  LogUtil - Test passed: ddt2
2025-02-21 01:42:55 [main] INFO  LogUtil - Test started : ddt2
2025-02-21 01:42:55 [main] INFO  LogUtil - Test passed: ddt2
2025-02-21 01:42:55 [main] INFO  LogUtil - Test started : ddt2
2025-02-21 01:42:56 [main] INFO  LogUtil - Test passed: ddt2
2025-02-21 01:42:56 [main] INFO  LogUtil - Test started : ddt2
2025-02-21 01:42:56 [main] INFO  LogUtil - Test passed: ddt2
2025-02-21 01:42:56 [main] INFO  LogUtil - Test started : ddt2
2025-02-21 01:42:56 [main] INFO  LogUtil - Test passed: ddt2
2025-02-21 01:42:56 [main] INFO  LogUtil - Test started : ddt2
2025-02-21 01:42:57 [main] INFO  LogUtil - Test passed: ddt2
2025-02-21 01:42:57 [main] INFO  LogUtil - Test started : ddt2
2025-02-21 01:42:57 [main] INFO  LogUtil - Test passed: ddt2
2025-02-21 01:42:57 [main] INFO  LogUtil - Test started : ddt2
2025-02-21 01:42:57 [main] INFO  LogUtil - Test passed: ddt2
2025-02-21 01:42:57 [main] INFO  LogUtil - Test started : ddt2
2025-02-21 01:42:57 [main] INFO  LogUtil - Test passed: ddt2
2025-02-21 01:42:57 [main] INFO  LogUtil - Test started : ddt2
2025-02-21 01:42:58 [main] INFO  LogUtil - Test passed: ddt2
2025-02-21 01:42:58 [main] INFO  LogUtil - Test started : ddt2
2025-02-21 01:42:58 [main] INFO  LogUtil - Test passed: ddt2
2025-02-21 01:42:58 [main] INFO  LogUtil - Test started : ddt2
2025-02-21 01:42:58 [main] INFO  LogUtil - Test passed: ddt2
2025-02-21 01:42:58 [main] INFO  LogUtil - Test started : ddt2
2025-02-21 01:42:59 [main] INFO  LogUtil - Test passed: ddt2
2025-02-21 01:42:59 [main] INFO  LogUtil - Test started : ddt2
2025-02-21 01:42:59 [main] INFO  LogUtil - Test passed: ddt2
2025-02-21 01:42:59 [main] INFO  LogUtil - Test started : ddt2
2025-02-21 01:42:59 [main] INFO  LogUtil - Test passed: ddt2
2025-02-21 01:42:59 [main] INFO  LogUtil - Test started : ddt2
2025-02-21 01:42:59 [main] INFO  LogUtil - Test passed: ddt2
2025-02-21 01:42:59 [main] INFO  LogUtil - Test started : ddt2
2025-02-21 01:43:00 [main] INFO  LogUtil - Test passed: ddt2
2025-02-21 01:43:00 [main] INFO  LogUtil - Test started : ddt2
2025-02-21 01:43:00 [main] INFO  LogUtil - Test passed: ddt2
2025-02-21 01:43:00 [main] INFO  LogUtil - Test started : ddt2
2025-02-21 01:43:00 [main] INFO  LogUtil - Test passed: ddt2
2025-02-21 01:43:00 [main] INFO  LogUtil - Test started : ddt2
2025-02-21 01:43:01 [main] INFO  LogUtil - Test passed: ddt2
2025-02-21 01:43:01 [main] INFO  LogUtil - Test started : ddt2
2025-02-21 01:43:01 [main] INFO  LogUtil - Test passed: ddt2
2025-02-21 01:43:01 [main] INFO  LogUtil - Test started : ddt2
2025-02-21 01:43:01 [main] INFO  LogUtil - Test passed: ddt2
2025-02-21 01:43:01 [main] INFO  LogUtil - Test started : ddt2
2025-02-21 01:43:01 [main] INFO  LogUtil - Test passed: ddt2
2025-02-21 01:43:01 [main] INFO  LogUtil - Test started : ddt2
2025-02-21 01:43:02 [main] INFO  LogUtil - Test passed: ddt2
2025-02-21 01:43:02 [main] INFO  LogUtil - Test started : ddt2
2025-02-21 01:43:02 [main] INFO  LogUtil - Test passed: ddt2
